mode: atomic
github.com/go-playground/log/handlers/json/json.go:19.32,23.2 1 1
github.com/go-playground/log/handlers/json/json.go:26.36,30.2 3 1
github.com/go-playground/log/errors/segmentio/segmentio.go:18.58,33.21 9 2
github.com/go-playground/log/errors/segmentio/segmentio.go:39.2,44.27 5 2
github.com/go-playground/log/errors/segmentio/segmentio.go:47.2,47.20 1 2
github.com/go-playground/log/errors/segmentio/segmentio.go:50.2,50.12 1 2
github.com/go-playground/log/errors/segmentio/segmentio.go:33.21,35.3 1 1
github.com/go-playground/log/errors/segmentio/segmentio.go:35.8,37.3 1 1
github.com/go-playground/log/errors/segmentio/segmentio.go:44.27,46.3 1 1
github.com/go-playground/log/errors/segmentio/segmentio.go:47.20,49.3 1 1
github.com/go-playground/log/errors/pkg/pkg.go:17.56,30.36 8 2
github.com/go-playground/log/errors/pkg/pkg.go:36.2,40.20 5 2
github.com/go-playground/log/errors/pkg/pkg.go:43.2,44.12 2 2
github.com/go-playground/log/errors/pkg/pkg.go:30.36,32.3 1 1
github.com/go-playground/log/errors/pkg/pkg.go:32.8,34.3 1 1
github.com/go-playground/log/errors/pkg/pkg.go:40.20,42.3 1 2
github.com/go-playground/log/handlers/email/email.go:54.100,68.2 3 5
github.com/go-playground/log/handlers/email/email.go:71.54,78.40 3 7
github.com/go-playground/log/handlers/email/email.go:78.40,81.5 2 11
github.com/go-playground/log/handlers/email/email.go:87.35,89.2 1 4
github.com/go-playground/log/handlers/email/email.go:92.35,94.2 1 4
github.com/go-playground/log/handlers/email/email.go:97.51,99.2 1 4
github.com/go-playground/log/handlers/email/email.go:103.55,108.2 3 1
github.com/go-playground/log/handlers/email/email.go:112.50,117.2 3 1
github.com/go-playground/log/handlers/email/email.go:120.119,131.2 9 1
github.com/go-playground/log/handlers/email/email.go:134.46,139.2 3 1
github.com/go-playground/log/handlers/email/email.go:141.48,157.43 8 4
github.com/go-playground/log/handlers/email/email.go:157.43,163.3 5 10
github.com/go-playground/log/handlers/email/email.go:167.38,170.20 2 15
github.com/go-playground/log/handlers/email/email.go:175.2,175.23 1 14
github.com/go-playground/log/handlers/email/email.go:179.2,190.6 9 14
github.com/go-playground/log/handlers/email/email.go:170.20,173.3 2 1
github.com/go-playground/log/handlers/email/email.go:175.23,177.3 1 4
github.com/go-playground/log/handlers/email/email.go:190.6,195.2 4 14
github.com/go-playground/log/handlers/email/email.go:197.3,197.12 1 36
github.com/go-playground/log/handlers/email/email.go:212.3,213.48 2 17
github.com/go-playground/log/handlers/email/email.go:230.3,230.8 1 1
github.com/go-playground/log/handlers/email/email.go:197.12,199.37 2 36
github.com/go-playground/log/handlers/email/email.go:207.4,208.15 2 9
github.com/go-playground/log/handlers/email/email.go:199.37,202.19 2 27
github.com/go-playground/log/handlers/email/email.go:205.5,205.16 1 18
github.com/go-playground/log/handlers/email/email.go:202.19,203.11 1 9
github.com/go-playground/log/handlers/email/email.go:213.48,217.42 2 16
github.com/go-playground/log/handlers/email/email.go:228.4,228.15 1 8
github.com/go-playground/log/handlers/email/email.go:217.42,222.16 4 4
github.com/go-playground/log/handlers/email/email.go:223.10,223.34 1 12
github.com/go-playground/log/handlers/email/email.go:223.34,226.10 2 4
github.com/go-playground/log/handlers/http/hipchat/hipchat.go:123.121,130.16 4 6
github.com/go-playground/log/handlers/http/hipchat/hipchat.go:133.2,136.16 3 5
github.com/go-playground/log/handlers/http/hipchat/hipchat.go:140.2,140.47 1 4
github.com/go-playground/log/handlers/http/hipchat/hipchat.go:145.2,160.16 8 3
github.com/go-playground/log/handlers/http/hipchat/hipchat.go:130.16,132.3 1 1
github.com/go-playground/log/handlers/http/hipchat/hipchat.go:136.16,138.3 1 1
github.com/go-playground/log/handlers/http/hipchat/hipchat.go:140.47,143.3 2 1
github.com/go-playground/log/handlers/http/hipchat/hipchat.go:164.53,167.40 1 6
github.com/go-playground/log/handlers/http/hipchat/hipchat.go:167.40,170.5 2 5
github.com/go-playground/log/handlers/http/hipchat/hipchat.go:175.46,176.43 1 3
github.com/go-playground/log/handlers/http/hipchat/hipchat.go:176.43,183.35 5 3
github.com/go-playground/log/handlers/http/hipchat/hipchat.go:183.35,197.4 8 6
github.com/go-playground/log/handlers/http/http.go:43.82,44.49 1 3
github.com/go-playground/log/handlers/http/http.go:48.2,56.15 2 2
github.com/go-playground/log/handlers/http/http.go:44.49,46.3 1 1
github.com/go-playground/log/handlers/http/http.go:61.50,63.2 1 1
github.com/go-playground/log/handlers/http/http.go:66.41,68.2 1 1
github.com/go-playground/log/handlers/http/http.go:72.45,74.2 1 1
github.com/go-playground/log/handlers/http/http.go:77.32,79.2 1 10
github.com/go-playground/log/handlers/http/http.go:82.36,84.2 1 10
github.com/go-playground/log/handlers/http/http.go:87.41,89.2 1 10
github.com/go-playground/log/handlers/http/http.go:91.43,97.34 5 1
github.com/go-playground/log/handlers/http/http.go:97.34,105.34 5 9
github.com/go-playground/log/handlers/http/http.go:109.3,113.30 4 9
github.com/go-playground/log/handlers/http/http.go:151.3,151.11 1 9
github.com/go-playground/log/handlers/http/http.go:105.34,107.4 1 10
github.com/go-playground/log/handlers/http/http.go:113.30,118.26 4 15
github.com/go-playground/log/handlers/http/http.go:119.16,120.39 1 1
github.com/go-playground/log/handlers/http/http.go:121.13,122.59 1 1
github.com/go-playground/log/handlers/http/http.go:123.14,124.60 1 1
github.com/go-playground/log/handlers/http/http.go:125.15,126.61 1 1
github.com/go-playground/log/handlers/http/http.go:127.15,128.61 1 1
github.com/go-playground/log/handlers/http/http.go:129.15,130.54 1 1
github.com/go-playground/log/handlers/http/http.go:131.14,132.62 1 1
github.com/go-playground/log/handlers/http/http.go:133.15,134.63 1 1
github.com/go-playground/log/handlers/http/http.go:135.16,136.64 1 1
github.com/go-playground/log/handlers/http/http.go:137.16,138.64 1 1
github.com/go-playground/log/handlers/http/http.go:139.16,140.56 1 1
github.com/go-playground/log/handlers/http/http.go:141.17,142.72 1 1
github.com/go-playground/log/handlers/http/http.go:143.17,144.63 1 1
github.com/go-playground/log/handlers/http/http.go:145.14,146.46 1 1
github.com/go-playground/log/handlers/http/http.go:147.12,148.46 1 1
github.com/go-playground/log/handlers/http/http.go:156.33,157.19 1 10
github.com/go-playground/log/handlers/http/http.go:160.2,171.16 9 10
github.com/go-playground/log/handlers/http/http.go:176.2,176.53 1 8
github.com/go-playground/log/handlers/http/http.go:157.19,159.3 1 2
github.com/go-playground/log/handlers/http/http.go:171.16,174.3 2 2
github.com/go-playground/log/handlers/http/http.go:176.53,179.3 2 1
github.com/go-playground/log/handlers/http/hipchat/hipchat.go:123.121,130.16 4 6
github.com/go-playground/log/handlers/http/hipchat/hipchat.go:133.2,136.16 3 5
github.com/go-playground/log/handlers/http/hipchat/hipchat.go:140.2,140.47 1 4
github.com/go-playground/log/handlers/http/hipchat/hipchat.go:145.2,160.16 8 3
github.com/go-playground/log/handlers/http/hipchat/hipchat.go:130.16,132.3 1 1
github.com/go-playground/log/handlers/http/hipchat/hipchat.go:136.16,138.3 1 1
github.com/go-playground/log/handlers/http/hipchat/hipchat.go:140.47,143.3 2 1
github.com/go-playground/log/handlers/http/hipchat/hipchat.go:164.53,167.40 1 6
github.com/go-playground/log/handlers/http/hipchat/hipchat.go:167.40,170.5 2 5
github.com/go-playground/log/handlers/http/hipchat/hipchat.go:175.46,176.43 1 3
github.com/go-playground/log/handlers/http/hipchat/hipchat.go:176.43,183.35 5 3
github.com/go-playground/log/handlers/http/hipchat/hipchat.go:183.35,197.4 8 6
github.com/go-playground/log/handlers/syslog/syslog.go:59.92,69.22 3 5
github.com/go-playground/log/handlers/syslog/syslog.go:75.2,75.16 1 5
github.com/go-playground/log/handlers/syslog/syslog.go:78.2,78.15 1 4
github.com/go-playground/log/handlers/syslog/syslog.go:69.22,71.3 1 4
github.com/go-playground/log/handlers/syslog/syslog.go:71.8,73.3 1 1
github.com/go-playground/log/handlers/syslog/syslog.go:75.16,77.3 1 1
github.com/go-playground/log/handlers/syslog/syslog.go:83.46,85.2 1 3
github.com/go-playground/log/handlers/syslog/syslog.go:88.38,90.2 1 2
github.com/go-playground/log/handlers/syslog/syslog.go:93.63,95.2 1 34
github.com/go-playground/log/handlers/syslog/syslog.go:99.52,101.2 1 3
github.com/go-playground/log/handlers/syslog/syslog.go:104.43,106.2 1 2
github.com/go-playground/log/handlers/syslog/syslog.go:110.47,112.2 1 2
github.com/go-playground/log/handlers/syslog/syslog.go:114.45,120.22 5 2
github.com/go-playground/log/handlers/syslog/syslog.go:187.2,187.34 1 1
github.com/go-playground/log/handlers/syslog/syslog.go:120.22,124.35 2 1
github.com/go-playground/log/handlers/syslog/syslog.go:124.35,134.35 7 34
github.com/go-playground/log/handlers/syslog/syslog.go:137.4,142.31 5 34
github.com/go-playground/log/handlers/syslog/syslog.go:183.4,183.12 1 34
github.com/go-playground/log/handlers/syslog/syslog.go:134.35,136.5 1 38
github.com/go-playground/log/handlers/syslog/syslog.go:142.31,149.27 6 29
github.com/go-playground/log/handlers/syslog/syslog.go:150.17,151.40 1 15
github.com/go-playground/log/handlers/syslog/syslog.go:152.14,153.60 1 1
github.com/go-playground/log/handlers/syslog/syslog.go:154.15,155.61 1 1
github.com/go-playground/log/handlers/syslog/syslog.go:156.16,157.62 1 1
github.com/go-playground/log/handlers/syslog/syslog.go:158.16,159.62 1 1
github.com/go-playground/log/handlers/syslog/syslog.go:160.16,161.55 1 1
github.com/go-playground/log/handlers/syslog/syslog.go:162.15,163.63 1 1
github.com/go-playground/log/handlers/syslog/syslog.go:164.16,165.64 1 1
github.com/go-playground/log/handlers/syslog/syslog.go:166.17,167.65 1 1
github.com/go-playground/log/handlers/syslog/syslog.go:168.17,169.65 1 1
github.com/go-playground/log/handlers/syslog/syslog.go:170.17,171.57 1 1
github.com/go-playground/log/handlers/syslog/syslog.go:172.18,173.73 1 1
github.com/go-playground/log/handlers/syslog/syslog.go:174.18,175.64 1 1
github.com/go-playground/log/handlers/syslog/syslog.go:176.15,177.47 1 1
github.com/go-playground/log/handlers/syslog/syslog.go:178.13,179.47 1 1
github.com/go-playground/log/handlers/syslog/syslog.go:187.34,194.34 5 64
github.com/go-playground/log/handlers/syslog/syslog.go:198.3,202.30 4 64
github.com/go-playground/log/handlers/syslog/syslog.go:236.3,236.11 1 64
github.com/go-playground/log/handlers/syslog/syslog.go:194.34,196.4 1 72
github.com/go-playground/log/handlers/syslog/syslog.go:202.30,207.26 4 57
github.com/go-playground/log/handlers/syslog/syslog.go:208.16,209.39 1 31
github.com/go-playground/log/handlers/syslog/syslog.go:210.13,211.59 1 2
github.com/go-playground/log/handlers/syslog/syslog.go:212.14,213.60 1 2
github.com/go-playground/log/handlers/syslog/syslog.go:214.15,215.61 1 2
github.com/go-playground/log/handlers/syslog/syslog.go:216.15,217.61 1 2
github.com/go-playground/log/handlers/syslog/syslog.go:218.15,219.54 1 2
github.com/go-playground/log/handlers/syslog/syslog.go:220.14,221.62 1 2
github.com/go-playground/log/handlers/syslog/syslog.go:222.15,223.63 1 2
github.com/go-playground/log/handlers/syslog/syslog.go:224.16,225.64 1 2
github.com/go-playground/log/handlers/syslog/syslog.go:226.16,227.64 1 2
github.com/go-playground/log/handlers/syslog/syslog.go:228.16,229.56 1 2
github.com/go-playground/log/handlers/syslog/syslog.go:230.14,231.46 1 2
github.com/go-playground/log/handlers/syslog/syslog.go:232.12,233.46 1 4
github.com/go-playground/log/handlers/syslog/syslog.go:241.35,242.19 1 104
github.com/go-playground/log/handlers/syslog/syslog.go:245.2,247.17 2 104
github.com/go-playground/log/handlers/syslog/syslog.go:242.19,244.3 1 4
github.com/go-playground/log/handlers/syslog/syslog.go:248.22,249.23 1 22
github.com/go-playground/log/handlers/syslog/syslog.go:250.21,251.22 1 12
github.com/go-playground/log/handlers/syslog/syslog.go:252.23,253.24 1 12
github.com/go-playground/log/handlers/syslog/syslog.go:254.21,255.25 1 12
github.com/go-playground/log/handlers/syslog/syslog.go:256.22,257.21 1 19
github.com/go-playground/log/handlers/syslog/syslog.go:258.38,259.23 1 25
github.com/go-playground/log/handlers/syslog/syslog.go:260.22,261.22 1 2
github.com/go-playground/log/handlers/console/console.go:44.40,45.20 1 3
github.com/go-playground/log/handlers/console/console.go:51.2,56.3 1 3
github.com/go-playground/log/handlers/console/console.go:45.20,49.3 3 1
github.com/go-playground/log/handlers/console/console.go:61.43,63.2 1 3
github.com/go-playground/log/handlers/console/console.go:67.53,69.2 1 3
github.com/go-playground/log/handlers/console/console.go:73.42,75.2 1 3
github.com/go-playground/log/handlers/console/console.go:78.44,87.12 6 1
github.com/go-playground/log/handlers/console/console.go:91.2,91.21 1 1
github.com/go-playground/log/handlers/console/console.go:87.12,89.3 1 1
github.com/go-playground/log/handlers/console/console.go:91.21,93.3 1 1
github.com/go-playground/log/handlers/console/console.go:97.36,103.20 4 91
github.com/go-playground/log/handlers/console/console.go:217.2,217.19 1 91
github.com/go-playground/log/handlers/console/console.go:103.20,112.34 6 30
github.com/go-playground/log/handlers/console/console.go:115.3,120.30 5 30
github.com/go-playground/log/handlers/console/console.go:161.3,161.25 1 30
github.com/go-playground/log/handlers/console/console.go:112.34,114.4 1 35
github.com/go-playground/log/handlers/console/console.go:120.30,127.31 6 30
github.com/go-playground/log/handlers/console/console.go:128.16,129.24 1 15
github.com/go-playground/log/handlers/console/console.go:130.13,131.47 1 1
github.com/go-playground/log/handlers/console/console.go:132.14,133.47 1 1
github.com/go-playground/log/handlers/console/console.go:134.15,135.47 1 1
github.com/go-playground/log/handlers/console/console.go:136.15,137.47 1 1
github.com/go-playground/log/handlers/console/console.go:138.15,139.40 1 1
github.com/go-playground/log/handlers/console/console.go:140.14,141.49 1 1
github.com/go-playground/log/handlers/console/console.go:142.15,143.49 1 1
github.com/go-playground/log/handlers/console/console.go:144.16,145.49 1 1
github.com/go-playground/log/handlers/console/console.go:146.16,147.49 1 1
github.com/go-playground/log/handlers/console/console.go:148.16,149.41 1 1
github.com/go-playground/log/handlers/console/console.go:150.17,151.56 1 1
github.com/go-playground/log/handlers/console/console.go:152.17,153.47 1 1
github.com/go-playground/log/handlers/console/console.go:154.14,155.33 1 2
github.com/go-playground/log/handlers/console/console.go:156.12,157.46 1 1
github.com/go-playground/log/handlers/console/console.go:162.8,168.34 4 61
github.com/go-playground/log/handlers/console/console.go:172.3,176.30 4 61
github.com/go-playground/log/handlers/console/console.go:215.3,215.25 1 61
github.com/go-playground/log/handlers/console/console.go:168.34,170.4 1 71
github.com/go-playground/log/handlers/console/console.go:176.30,181.31 4 59
github.com/go-playground/log/handlers/console/console.go:182.16,183.24 1 31
github.com/go-playground/log/handlers/console/console.go:184.13,185.47 1 2
github.com/go-playground/log/handlers/console/console.go:186.14,187.47 1 2
github.com/go-playground/log/handlers/console/console.go:188.15,189.47 1 2
github.com/go-playground/log/handlers/console/console.go:190.15,191.47 1 2
github.com/go-playground/log/handlers/console/console.go:192.15,193.40 1 2
github.com/go-playground/log/handlers/console/console.go:194.14,195.49 1 2
github.com/go-playground/log/handlers/console/console.go:196.15,197.49 1 2
github.com/go-playground/log/handlers/console/console.go:198.16,199.49 1 2
github.com/go-playground/log/handlers/console/console.go:200.16,201.49 1 2
github.com/go-playground/log/handlers/console/console.go:202.16,203.41 1 2
github.com/go-playground/log/handlers/console/console.go:204.17,205.56 1 1
github.com/go-playground/log/handlers/console/console.go:206.17,207.47 1 1
github.com/go-playground/log/handlers/console/console.go:208.14,209.33 1 4
github.com/go-playground/log/handlers/console/console.go:210.12,211.46 1 2
github.com/go-playground/log/handlers/http/http.go:43.82,44.49 1 3
github.com/go-playground/log/handlers/http/http.go:48.2,56.15 2 2
github.com/go-playground/log/handlers/http/http.go:44.49,46.3 1 1
github.com/go-playground/log/handlers/http/http.go:61.50,63.2 1 1
github.com/go-playground/log/handlers/http/http.go:66.41,68.2 1 1
github.com/go-playground/log/handlers/http/http.go:72.45,74.2 1 1
github.com/go-playground/log/handlers/http/http.go:77.32,79.2 1 10
github.com/go-playground/log/handlers/http/http.go:82.36,84.2 1 10
github.com/go-playground/log/handlers/http/http.go:87.41,89.2 1 10
github.com/go-playground/log/handlers/http/http.go:91.43,97.34 5 1
github.com/go-playground/log/handlers/http/http.go:97.34,105.34 5 9
github.com/go-playground/log/handlers/http/http.go:109.3,113.30 4 9
github.com/go-playground/log/handlers/http/http.go:151.3,151.11 1 9
github.com/go-playground/log/handlers/http/http.go:105.34,107.4 1 10
github.com/go-playground/log/handlers/http/http.go:113.30,118.26 4 15
github.com/go-playground/log/handlers/http/http.go:119.16,120.39 1 1
github.com/go-playground/log/handlers/http/http.go:121.13,122.59 1 1
github.com/go-playground/log/handlers/http/http.go:123.14,124.60 1 1
github.com/go-playground/log/handlers/http/http.go:125.15,126.61 1 1
github.com/go-playground/log/handlers/http/http.go:127.15,128.61 1 1
github.com/go-playground/log/handlers/http/http.go:129.15,130.54 1 1
github.com/go-playground/log/handlers/http/http.go:131.14,132.62 1 1
github.com/go-playground/log/handlers/http/http.go:133.15,134.63 1 1
github.com/go-playground/log/handlers/http/http.go:135.16,136.64 1 1
github.com/go-playground/log/handlers/http/http.go:137.16,138.64 1 1
github.com/go-playground/log/handlers/http/http.go:139.16,140.56 1 1
github.com/go-playground/log/handlers/http/http.go:141.17,142.72 1 1
github.com/go-playground/log/handlers/http/http.go:143.17,144.63 1 1
github.com/go-playground/log/handlers/http/http.go:145.14,146.46 1 1
github.com/go-playground/log/handlers/http/http.go:147.12,148.46 1 1
github.com/go-playground/log/handlers/http/http.go:156.33,157.19 1 10
github.com/go-playground/log/handlers/http/http.go:160.2,171.16 9 10
github.com/go-playground/log/handlers/http/http.go:176.2,176.53 1 8
github.com/go-playground/log/handlers/http/http.go:157.19,159.3 1 2
github.com/go-playground/log/handlers/http/http.go:171.16,174.3 2 2
github.com/go-playground/log/handlers/http/http.go:176.53,179.3 2 1
github.com/go-playground/log/errors/pkg/pkg.go:17.56,30.36 8 2
github.com/go-playground/log/errors/pkg/pkg.go:36.2,40.20 5 2
github.com/go-playground/log/errors/pkg/pkg.go:43.2,44.12 2 2
github.com/go-playground/log/errors/pkg/pkg.go:30.36,32.3 1 1
github.com/go-playground/log/errors/pkg/pkg.go:32.8,34.3 1 1
github.com/go-playground/log/errors/pkg/pkg.go:40.20,42.3 1 2
github.com/go-playground/log/entry.go:20.30,24.2 3 24
github.com/go-playground/log/entry.go:26.47,32.2 3 43
github.com/go-playground/log/entry.go:35.63,39.2 3 3
github.com/go-playground/log/entry.go:42.50,46.2 3 16
github.com/go-playground/log/entry.go:50.34,53.2 2 1
github.com/go-playground/log/entry.go:56.43,58.2 1 1
github.com/go-playground/log/entry.go:61.40,65.2 3 6
github.com/go-playground/log/entry.go:68.51,72.2 3 4
github.com/go-playground/log/entry.go:75.39,79.2 3 10
github.com/go-playground/log/entry.go:82.50,86.2 3 4
github.com/go-playground/log/entry.go:89.41,93.2 3 4
github.com/go-playground/log/entry.go:96.52,100.2 3 4
github.com/go-playground/log/entry.go:103.39,107.2 3 4
github.com/go-playground/log/entry.go:110.50,114.2 3 4
github.com/go-playground/log/entry.go:117.40,122.2 4 6
github.com/go-playground/log/entry.go:125.51,130.2 4 4
github.com/go-playground/log/entry.go:133.40,137.2 3 6
github.com/go-playground/log/entry.go:140.51,144.2 3 4
github.com/go-playground/log/entry.go:147.40,152.2 4 2
github.com/go-playground/log/entry.go:155.51,160.2 4 3
github.com/go-playground/log/entry.go:163.40,167.2 3 6
github.com/go-playground/log/entry.go:170.51,174.2 3 4
github.com/go-playground/log/errors.go:10.48,13.25 2 5
github.com/go-playground/log/errors.go:48.2,48.11 1 5
github.com/go-playground/log/errors.go:14.20,19.23 5 3
github.com/go-playground/log/errors.go:29.3,32.21 4 3
github.com/go-playground/log/errors.go:36.10,43.21 7 2
github.com/go-playground/log/errors.go:46.3,46.105 1 2
github.com/go-playground/log/errors.go:19.23,20.22 1 3
github.com/go-playground/log/errors.go:23.4,23.31 1 3
github.com/go-playground/log/errors.go:27.4,27.37 1 3
github.com/go-playground/log/errors.go:20.22,22.5 1 3
github.com/go-playground/log/errors.go:23.31,26.5 1 2
github.com/go-playground/log/errors.go:32.21,34.4 1 2
github.com/go-playground/log/errors.go:43.21,45.4 1 2
github.com/go-playground/log/level.go:32.32,33.11 1 104
github.com/go-playground/log/level.go:34.18,35.17 1 13
github.com/go-playground/log/level.go:36.17,37.16 1 19
github.com/go-playground/log/level.go:38.19,39.18 1 11
github.com/go-playground/log/level.go:40.17,41.16 1 11
github.com/go-playground/log/level.go:42.18,43.17 1 13
github.com/go-playground/log/level.go:44.18,45.17 1 13
github.com/go-playground/log/level.go:46.18,47.17 1 13
github.com/go-playground/log/level.go:48.18,49.17 1 8
github.com/go-playground/log/level.go:50.10,51.24 1 3
github.com/go-playground/log/level.go:55.28,56.11 1 9
github.com/go-playground/log/level.go:57.15,58.20 1 1
github.com/go-playground/log/level.go:59.14,60.19 1 1
github.com/go-playground/log/level.go:61.16,62.21 1 1
github.com/go-playground/log/level.go:63.14,64.19 1 1
github.com/go-playground/log/level.go:65.15,66.20 1 1
github.com/go-playground/log/level.go:67.15,68.20 1 1
github.com/go-playground/log/level.go:69.15,70.20 1 1
github.com/go-playground/log/level.go:71.15,72.20 1 1
github.com/go-playground/log/level.go:73.10,74.13 1 1
github.com/go-playground/log/level.go:79.46,81.2 1 9
github.com/go-playground/log/level.go:84.47,87.2 2 9
github.com/go-playground/log/log.go:37.37,39.2 1 4
github.com/go-playground/log/log.go:42.50,44.2 1 2
github.com/go-playground/log/log.go:47.63,49.2 1 1
github.com/go-playground/log/log.go:53.44,55.14 2 2
github.com/go-playground/log/log.go:58.2,58.18 1 1
github.com/go-playground/log/log.go:55.14,57.3 1 1
github.com/go-playground/log/log.go:64.27,65.23 1 77
github.com/go-playground/log/log.go:68.2,70.41 2 77
github.com/go-playground/log/log.go:65.23,67.3 1 2
github.com/go-playground/log/log.go:70.41,72.3 1 77
github.com/go-playground/log/log.go:77.45,79.2 1 58
github.com/go-playground/log/log.go:83.45,84.31 1 6
github.com/go-playground/log/log.go:84.31,87.3 2 48
github.com/go-playground/log/log.go:91.41,93.2 1 1
github.com/go-playground/log/log.go:96.53,100.2 3 2
github.com/go-playground/log/log.go:103.40,107.2 3 17
github.com/go-playground/log/log.go:111.24,115.2 3 1
github.com/go-playground/log/log.go:118.33,121.2 2 4
github.com/go-playground/log/log.go:124.30,127.2 2 1
github.com/go-playground/log/log.go:130.41,133.2 2 1
github.com/go-playground/log/log.go:136.29,139.2 2 2
github.com/go-playground/log/log.go:142.40,145.2 2 1
github.com/go-playground/log/log.go:148.31,151.2 2 1
github.com/go-playground/log/log.go:154.42,157.2 2 1
github.com/go-playground/log/log.go:160.29,163.2 2 1
github.com/go-playground/log/log.go:166.40,169.2 2 1
github.com/go-playground/log/log.go:172.30,175.2 2 2
github.com/go-playground/log/log.go:178.41,181.2 2 1
github.com/go-playground/log/log.go:184.30,187.2 2 1
github.com/go-playground/log/log.go:190.41,193.2 2 1
github.com/go-playground/log/log.go:196.30,199.2 2 1
github.com/go-playground/log/log.go:202.41,205.2 2 1
github.com/go-playground/log/log.go:208.30,211.2 2 1
github.com/go-playground/log/log.go:214.41,217.2 2 1
github.com/go-playground/log/errors/segmentio/segmentio.go:18.58,33.21 9 2
github.com/go-playground/log/errors/segmentio/segmentio.go:39.2,44.27 5 2
github.com/go-playground/log/errors/segmentio/segmentio.go:47.2,47.20 1 2
github.com/go-playground/log/errors/segmentio/segmentio.go:50.2,50.12 1 2
github.com/go-playground/log/errors/segmentio/segmentio.go:33.21,35.3 1 1
github.com/go-playground/log/errors/segmentio/segmentio.go:35.8,37.3 1 1
github.com/go-playground/log/errors/segmentio/segmentio.go:44.27,46.3 1 1
github.com/go-playground/log/errors/segmentio/segmentio.go:47.20,49.3 1 1
github.com/go-playground/log/handlers/email/email.go:54.100,68.2 3 5
github.com/go-playground/log/handlers/email/email.go:71.54,78.40 3 7
github.com/go-playground/log/handlers/email/email.go:78.40,81.5 2 11
github.com/go-playground/log/handlers/email/email.go:87.35,89.2 1 4
github.com/go-playground/log/handlers/email/email.go:92.35,94.2 1 4
github.com/go-playground/log/handlers/email/email.go:97.51,99.2 1 4
github.com/go-playground/log/handlers/email/email.go:103.55,108.2 3 1
github.com/go-playground/log/handlers/email/email.go:112.50,117.2 3 1
github.com/go-playground/log/handlers/email/email.go:120.119,131.2 9 1
github.com/go-playground/log/handlers/email/email.go:134.46,139.2 3 1
github.com/go-playground/log/handlers/email/email.go:141.48,157.43 8 4
github.com/go-playground/log/handlers/email/email.go:157.43,163.3 5 10
github.com/go-playground/log/handlers/email/email.go:167.38,170.20 2 15
github.com/go-playground/log/handlers/email/email.go:175.2,175.23 1 14
github.com/go-playground/log/handlers/email/email.go:179.2,190.6 9 14
github.com/go-playground/log/handlers/email/email.go:170.20,173.3 2 1
github.com/go-playground/log/handlers/email/email.go:175.23,177.3 1 4
github.com/go-playground/log/handlers/email/email.go:190.6,195.2 4 14
github.com/go-playground/log/handlers/email/email.go:197.3,197.12 1 36
github.com/go-playground/log/handlers/email/email.go:212.3,213.48 2 17
github.com/go-playground/log/handlers/email/email.go:230.3,230.8 1 1
github.com/go-playground/log/handlers/email/email.go:197.12,199.37 2 36
github.com/go-playground/log/handlers/email/email.go:207.4,208.15 2 9
github.com/go-playground/log/handlers/email/email.go:199.37,202.19 2 27
github.com/go-playground/log/handlers/email/email.go:205.5,205.16 1 18
github.com/go-playground/log/handlers/email/email.go:202.19,203.11 1 9
github.com/go-playground/log/handlers/email/email.go:213.48,217.42 2 16
github.com/go-playground/log/handlers/email/email.go:228.4,228.15 1 8
github.com/go-playground/log/handlers/email/email.go:217.42,222.16 4 4
github.com/go-playground/log/handlers/email/email.go:223.10,223.34 1 12
github.com/go-playground/log/handlers/email/email.go:223.34,226.10 2 4
github.com/go-playground/log/handlers/http/hipchat/hipchat.go:123.121,130.16 4 6
github.com/go-playground/log/handlers/http/hipchat/hipchat.go:133.2,136.16 3 5
github.com/go-playground/log/handlers/http/hipchat/hipchat.go:140.2,140.47 1 4
github.com/go-playground/log/handlers/http/hipchat/hipchat.go:145.2,160.16 8 3
github.com/go-playground/log/handlers/http/hipchat/hipchat.go:130.16,132.3 1 1
github.com/go-playground/log/handlers/http/hipchat/hipchat.go:136.16,138.3 1 1
github.com/go-playground/log/handlers/http/hipchat/hipchat.go:140.47,143.3 2 1
github.com/go-playground/log/handlers/http/hipchat/hipchat.go:164.53,167.40 1 6
github.com/go-playground/log/handlers/http/hipchat/hipchat.go:167.40,170.5 2 5
github.com/go-playground/log/handlers/http/hipchat/hipchat.go:175.46,176.43 1 3
github.com/go-playground/log/handlers/http/hipchat/hipchat.go:176.43,183.35 5 3
github.com/go-playground/log/handlers/http/hipchat/hipchat.go:183.35,197.4 8 6
github.com/go-playground/log/handlers/console/console.go:44.40,45.20 1 3
github.com/go-playground/log/handlers/console/console.go:51.2,56.3 1 3
github.com/go-playground/log/handlers/console/console.go:45.20,49.3 3 1
github.com/go-playground/log/handlers/console/console.go:61.43,63.2 1 3
github.com/go-playground/log/handlers/console/console.go:67.53,69.2 1 3
github.com/go-playground/log/handlers/console/console.go:73.42,75.2 1 3
github.com/go-playground/log/handlers/console/console.go:78.44,87.12 6 1
github.com/go-playground/log/handlers/console/console.go:91.2,91.21 1 1
github.com/go-playground/log/handlers/console/console.go:87.12,89.3 1 1
github.com/go-playground/log/handlers/console/console.go:91.21,93.3 1 1
github.com/go-playground/log/handlers/console/console.go:97.36,103.20 4 91
github.com/go-playground/log/handlers/console/console.go:217.2,217.19 1 91
github.com/go-playground/log/handlers/console/console.go:103.20,112.34 6 30
github.com/go-playground/log/handlers/console/console.go:115.3,120.30 5 30
github.com/go-playground/log/handlers/console/console.go:161.3,161.25 1 30
github.com/go-playground/log/handlers/console/console.go:112.34,114.4 1 35
github.com/go-playground/log/handlers/console/console.go:120.30,127.31 6 30
github.com/go-playground/log/handlers/console/console.go:128.16,129.24 1 15
github.com/go-playground/log/handlers/console/console.go:130.13,131.47 1 1
github.com/go-playground/log/handlers/console/console.go:132.14,133.47 1 1
github.com/go-playground/log/handlers/console/console.go:134.15,135.47 1 1
github.com/go-playground/log/handlers/console/console.go:136.15,137.47 1 1
github.com/go-playground/log/handlers/console/console.go:138.15,139.40 1 1
github.com/go-playground/log/handlers/console/console.go:140.14,141.49 1 1
github.com/go-playground/log/handlers/console/console.go:142.15,143.49 1 1
github.com/go-playground/log/handlers/console/console.go:144.16,145.49 1 1
github.com/go-playground/log/handlers/console/console.go:146.16,147.49 1 1
github.com/go-playground/log/handlers/console/console.go:148.16,149.41 1 1
github.com/go-playground/log/handlers/console/console.go:150.17,151.56 1 1
github.com/go-playground/log/handlers/console/console.go:152.17,153.47 1 1
github.com/go-playground/log/handlers/console/console.go:154.14,155.33 1 2
github.com/go-playground/log/handlers/console/console.go:156.12,157.46 1 1
github.com/go-playground/log/handlers/console/console.go:162.8,168.34 4 61
github.com/go-playground/log/handlers/console/console.go:172.3,176.30 4 61
github.com/go-playground/log/handlers/console/console.go:215.3,215.25 1 61
github.com/go-playground/log/handlers/console/console.go:168.34,170.4 1 71
github.com/go-playground/log/handlers/console/console.go:176.30,181.31 4 59
github.com/go-playground/log/handlers/console/console.go:182.16,183.24 1 31
github.com/go-playground/log/handlers/console/console.go:184.13,185.47 1 2
github.com/go-playground/log/handlers/console/console.go:186.14,187.47 1 2
github.com/go-playground/log/handlers/console/console.go:188.15,189.47 1 2
github.com/go-playground/log/handlers/console/console.go:190.15,191.47 1 2
github.com/go-playground/log/handlers/console/console.go:192.15,193.40 1 2
github.com/go-playground/log/handlers/console/console.go:194.14,195.49 1 2
github.com/go-playground/log/handlers/console/console.go:196.15,197.49 1 2
github.com/go-playground/log/handlers/console/console.go:198.16,199.49 1 2
github.com/go-playground/log/handlers/console/console.go:200.16,201.49 1 2
github.com/go-playground/log/handlers/console/console.go:202.16,203.41 1 2
github.com/go-playground/log/handlers/console/console.go:204.17,205.56 1 1
github.com/go-playground/log/handlers/console/console.go:206.17,207.47 1 1
github.com/go-playground/log/handlers/console/console.go:208.14,209.33 1 4
github.com/go-playground/log/handlers/console/console.go:210.12,211.46 1 2
github.com/go-playground/log/handlers/json/json.go:19.32,23.2 1 1
github.com/go-playground/log/handlers/json/json.go:26.36,30.2 3 1
github.com/go-playground/log/handlers/syslog/syslog.go:59.92,69.22 3 5
github.com/go-playground/log/handlers/syslog/syslog.go:75.2,75.16 1 5
github.com/go-playground/log/handlers/syslog/syslog.go:78.2,78.15 1 4
github.com/go-playground/log/handlers/syslog/syslog.go:69.22,71.3 1 4
github.com/go-playground/log/handlers/syslog/syslog.go:71.8,73.3 1 1
github.com/go-playground/log/handlers/syslog/syslog.go:75.16,77.3 1 1
github.com/go-playground/log/handlers/syslog/syslog.go:83.46,85.2 1 3
github.com/go-playground/log/handlers/syslog/syslog.go:88.38,90.2 1 2
github.com/go-playground/log/handlers/syslog/syslog.go:93.63,95.2 1 34
github.com/go-playground/log/handlers/syslog/syslog.go:99.52,101.2 1 3
github.com/go-playground/log/handlers/syslog/syslog.go:104.43,106.2 1 2
github.com/go-playground/log/handlers/syslog/syslog.go:110.47,112.2 1 2
github.com/go-playground/log/handlers/syslog/syslog.go:114.45,120.22 5 2
github.com/go-playground/log/handlers/syslog/syslog.go:187.2,187.34 1 1
github.com/go-playground/log/handlers/syslog/syslog.go:120.22,124.35 2 1
github.com/go-playground/log/handlers/syslog/syslog.go:124.35,134.35 7 34
github.com/go-playground/log/handlers/syslog/syslog.go:137.4,142.31 5 34
github.com/go-playground/log/handlers/syslog/syslog.go:183.4,183.12 1 34
github.com/go-playground/log/handlers/syslog/syslog.go:134.35,136.5 1 38
github.com/go-playground/log/handlers/syslog/syslog.go:142.31,149.27 6 29
github.com/go-playground/log/handlers/syslog/syslog.go:150.17,151.40 1 15
github.com/go-playground/log/handlers/syslog/syslog.go:152.14,153.60 1 1
github.com/go-playground/log/handlers/syslog/syslog.go:154.15,155.61 1 1
github.com/go-playground/log/handlers/syslog/syslog.go:156.16,157.62 1 1
github.com/go-playground/log/handlers/syslog/syslog.go:158.16,159.62 1 1
github.com/go-playground/log/handlers/syslog/syslog.go:160.16,161.55 1 1
github.com/go-playground/log/handlers/syslog/syslog.go:162.15,163.63 1 1
github.com/go-playground/log/handlers/syslog/syslog.go:164.16,165.64 1 1
github.com/go-playground/log/handlers/syslog/syslog.go:166.17,167.65 1 1
github.com/go-playground/log/handlers/syslog/syslog.go:168.17,169.65 1 1
github.com/go-playground/log/handlers/syslog/syslog.go:170.17,171.57 1 1
github.com/go-playground/log/handlers/syslog/syslog.go:172.18,173.73 1 1
github.com/go-playground/log/handlers/syslog/syslog.go:174.18,175.64 1 1
github.com/go-playground/log/handlers/syslog/syslog.go:176.15,177.47 1 1
github.com/go-playground/log/handlers/syslog/syslog.go:178.13,179.47 1 1
github.com/go-playground/log/handlers/syslog/syslog.go:187.34,194.34 5 64
github.com/go-playground/log/handlers/syslog/syslog.go:198.3,202.30 4 64
github.com/go-playground/log/handlers/syslog/syslog.go:236.3,236.11 1 64
github.com/go-playground/log/handlers/syslog/syslog.go:194.34,196.4 1 72
github.com/go-playground/log/handlers/syslog/syslog.go:202.30,207.26 4 57
github.com/go-playground/log/handlers/syslog/syslog.go:208.16,209.39 1 31
github.com/go-playground/log/handlers/syslog/syslog.go:210.13,211.59 1 2
github.com/go-playground/log/handlers/syslog/syslog.go:212.14,213.60 1 2
github.com/go-playground/log/handlers/syslog/syslog.go:214.15,215.61 1 2
github.com/go-playground/log/handlers/syslog/syslog.go:216.15,217.61 1 2
github.com/go-playground/log/handlers/syslog/syslog.go:218.15,219.54 1 2
github.com/go-playground/log/handlers/syslog/syslog.go:220.14,221.62 1 2
github.com/go-playground/log/handlers/syslog/syslog.go:222.15,223.63 1 2
github.com/go-playground/log/handlers/syslog/syslog.go:224.16,225.64 1 2
github.com/go-playground/log/handlers/syslog/syslog.go:226.16,227.64 1 2
github.com/go-playground/log/handlers/syslog/syslog.go:228.16,229.56 1 2
github.com/go-playground/log/handlers/syslog/syslog.go:230.14,231.46 1 2
github.com/go-playground/log/handlers/syslog/syslog.go:232.12,233.46 1 4
github.com/go-playground/log/handlers/syslog/syslog.go:241.35,242.19 1 104
github.com/go-playground/log/handlers/syslog/syslog.go:245.2,247.17 2 104
github.com/go-playground/log/handlers/syslog/syslog.go:242.19,244.3 1 4
github.com/go-playground/log/handlers/syslog/syslog.go:248.22,249.23 1 22
github.com/go-playground/log/handlers/syslog/syslog.go:250.21,251.22 1 12
github.com/go-playground/log/handlers/syslog/syslog.go:252.23,253.24 1 12
github.com/go-playground/log/handlers/syslog/syslog.go:254.21,255.25 1 12
github.com/go-playground/log/handlers/syslog/syslog.go:256.22,257.21 1 19
github.com/go-playground/log/handlers/syslog/syslog.go:258.38,259.23 1 25
github.com/go-playground/log/handlers/syslog/syslog.go:260.22,261.22 1 2
